1510461004062	geckodriver	INFO	geckodriver 0.19.1
1510461004104	geckodriver	INFO	Listening on 127.0.0.1:59347
1510461005289	mozrunner::runner	INFO	Running command: "/usr/bin/firefox" "-marionette" "-profile" "/tmp/rust_mozprofile.OH7rtPAAxQ6w"
1510461007857	addons.xpi	WARN	Error parsing extensions state: [Exception... "Component returned failure code: 0x80520012 (NS_ERROR_FILE_NOT_FOUND) [amIAddonManagerStartup.readStartupData]"  nsresult: "0x80520012 (NS_ERROR_FILE_NOT_FOUND)"  location: "JS frame :: resource://gre/modules/addons/XPIProvider.jsm :: loadExtensionState :: line 1554"  data: no] Stack trace: loadExtensionState()@resource://gre/modules/addons/XPIProvider.jsm:1554 < getInstallState()@resource://gre/modules/addons/XPIProvider.jsm:1589 < checkForChanges()@resource://gre/modules/addons/XPIProvider.jsm:3109 < startup()@resource://gre/modules/addons/XPIProvider.jsm:2188 < callProvider()@resource://gre/modules/AddonManager.jsm:269 < _startProvider()@resource://gre/modules/AddonManager.jsm:739 < startup()@resource://gre/modules/AddonManager.jsm:906 < startup()@resource://gre/modules/AddonManager.jsm:3090 < observe()@jar:file:///usr/lib/firefox/omni.ja!/components/addonManager.js:65
1510461009062	Marionette	INFO	Enabled via --marionette
1510461011892	Marionette	INFO	Listening on port 42467
1510461011930	Marionette	WARN	TLS certificate errors will be ignored for this session
1510461011988	Marionette	DEBUG	Register listener.js for window 2147483649
1510461053043	geckodriver	INFO	geckodriver 0.19.1
1510461053055	geckodriver	INFO	Listening on 127.0.0.1:39677
1510461054234	mozrunner::runner	INFO	Running command: "/usr/bin/firefox" "-marionette" "-profile" "/tmp/rust_mozprofile.rvK0VYibpIGJ"
1510461055015	addons.xpi	WARN	Error parsing extensions state: [Exception... "Component returned failure code: 0x80520012 (NS_ERROR_FILE_NOT_FOUND) [amIAddonManagerStartup.readStartupData]"  nsresult: "0x80520012 (NS_ERROR_FILE_NOT_FOUND)"  location: "JS frame :: resource://gre/modules/addons/XPIProvider.jsm :: loadExtensionState :: line 1554"  data: no] Stack trace: loadExtensionState()@resource://gre/modules/addons/XPIProvider.jsm:1554 < getInstallState()@resource://gre/modules/addons/XPIProvider.jsm:1589 < checkForChanges()@resource://gre/modules/addons/XPIProvider.jsm:3109 < startup()@resource://gre/modules/addons/XPIProvider.jsm:2188 < callProvider()@resource://gre/modules/AddonManager.jsm:269 < _startProvider()@resource://gre/modules/AddonManager.jsm:739 < startup()@resource://gre/modules/AddonManager.jsm:906 < startup()@resource://gre/modules/AddonManager.jsm:3090 < observe()@jar:file:///usr/lib/firefox/omni.ja!/components/addonManager.js:65
1510461055515	Marionette	INFO	Enabled via --marionette
1510461061765	Marionette	INFO	Listening on port 38467
1510461061895	Marionette	WARN	TLS certificate errors will be ignored for this session
1510461061945	Marionette	DEBUG	Register listener.js for window 2147483649
1510461061993	Marionette	DEBUG	Received DOM event "beforeunload" for "about:blank"
1510461062887	Marionette	DEBUG	Received DOM event "pagehide" for "about:blank"
1510461062888	Marionette	DEBUG	Received DOM event "unload" for "about:blank"
1510461064805	Marionette	DEBUG	Received DOM event "DOMContentLoaded" for "https://seattleu.instructure.com/login/ldap"
*** UTM:SVC TimerManager:registerTimer called after profile-before-change notification. Ignoring timer registration for id: telemetry_modules_ping
1510461069922	Marionette	DEBUG	Received DOM event "pageshow" for "https://seattleu.instructure.com/login/ldap"
1510461069940	Marionette	INFO	New connections will no longer be accepted
[Child 16685] WARNING: pipe error (17): Connection reset by peer: file /build/firefox-l1g98U/firefox-56.0+build6/ipc/chromium/src/chrome/common/ipc_channel_posix.cc, line 353
[Child 16685] WARNING: pipe error (3): Connection reset by peer: file /build/firefox-l1g98U/firefox-56.0+build6/ipc/chromium/src/chrome/common/ipc_channel_posix.cc, line 353
1510461249094	geckodriver	INFO	geckodriver 0.19.1
1510461249098	geckodriver	INFO	Listening on 127.0.0.1:59165
1510461250316	mozrunner::runner	INFO	Running command: "/usr/bin/firefox" "-marionette" "-profile" "/tmp/rust_mozprofile.MXbfYdiUNtLR"
1510461250616	addons.xpi	WARN	Error parsing extensions state: [Exception... "Component returned failure code: 0x80520012 (NS_ERROR_FILE_NOT_FOUND) [amIAddonManagerStartup.readStartupData]"  nsresult: "0x80520012 (NS_ERROR_FILE_NOT_FOUND)"  location: "JS frame :: resource://gre/modules/addons/XPIProvider.jsm :: loadExtensionState :: line 1554"  data: no] Stack trace: loadExtensionState()@resource://gre/modules/addons/XPIProvider.jsm:1554 < getInstallState()@resource://gre/modules/addons/XPIProvider.jsm:1589 < checkForChanges()@resource://gre/modules/addons/XPIProvider.jsm:3109 < startup()@resource://gre/modules/addons/XPIProvider.jsm:2188 < callProvider()@resource://gre/modules/AddonManager.jsm:269 < _startProvider()@resource://gre/modules/AddonManager.jsm:739 < startup()@resource://gre/modules/AddonManager.jsm:906 < startup()@resource://gre/modules/AddonManager.jsm:3090 < observe()@jar:file:///usr/lib/firefox/omni.ja!/components/addonManager.js:65
1510461250974	Marionette	INFO	Enabled via --marionette
1510461252367	Marionette	INFO	Listening on port 33428
1510461252435	Marionette	WARN	TLS certificate errors will be ignored for this session
1510461252481	Marionette	DEBUG	Register listener.js for window 2147483649
1510461252499	Marionette	DEBUG	Received DOM event "beforeunload" for "about:blank"
1510461253339	Marionette	DEBUG	Received DOM event "pagehide" for "about:blank"
1510461253340	Marionette	DEBUG	Received DOM event "unload" for "about:blank"
1510461254518	Marionette	DEBUG	Received DOM event "DOMContentLoaded" for "https://seattleu.instructure.com/login/ldap"
1510461254957	Marionette	DEBUG	Received DOM event "pageshow" for "https://seattleu.instructure.com/login/ldap"
1510461255014	Marionette	INFO	New connections will no longer be accepted
1510461262632	geckodriver	INFO	geckodriver 0.19.1
1510461262636	geckodriver	INFO	Listening on 127.0.0.1:46078
1510461263767	mozrunner::runner	INFO	Running command: "/usr/bin/firefox" "-marionette" "-profile" "/tmp/rust_mozprofile.rAbtIwxwqFuY"
1510461263962	addons.xpi	WARN	Error parsing extensions state: [Exception... "Component returned failure code: 0x80520012 (NS_ERROR_FILE_NOT_FOUND) [amIAddonManagerStartup.readStartupData]"  nsresult: "0x80520012 (NS_ERROR_FILE_NOT_FOUND)"  location: "JS frame :: resource://gre/modules/addons/XPIProvider.jsm :: loadExtensionState :: line 1554"  data: no] Stack trace: loadExtensionState()@resource://gre/modules/addons/XPIProvider.jsm:1554 < getInstallState()@resource://gre/modules/addons/XPIProvider.jsm:1589 < checkForChanges()@resource://gre/modules/addons/XPIProvider.jsm:3109 < startup()@resource://gre/modules/addons/XPIProvider.jsm:2188 < callProvider()@resource://gre/modules/AddonManager.jsm:269 < _startProvider()@resource://gre/modules/AddonManager.jsm:739 < startup()@resource://gre/modules/AddonManager.jsm:906 < startup()@resource://gre/modules/AddonManager.jsm:3090 < observe()@jar:file:///usr/lib/firefox/omni.ja!/components/addonManager.js:65
1510461264335	Marionette	INFO	Enabled via --marionette
1510461265623	Marionette	INFO	Listening on port 33342
1510461265690	Marionette	WARN	TLS certificate errors will be ignored for this session
1510461265738	Marionette	DEBUG	Register listener.js for window 2147483649
1510461265760	Marionette	DEBUG	Received DOM event "beforeunload" for "about:blank"
1510461266721	Marionette	DEBUG	Received DOM event "pagehide" for "about:blank"
1510461266722	Marionette	DEBUG	Received DOM event "unload" for "about:blank"
1510461273007	Marionette	DEBUG	Received DOM event "DOMContentLoaded" for "https://seattleu.instructure.com/login/ldap"
1510461273392	Marionette	DEBUG	Received DOM event "pageshow" for "https://seattleu.instructure.com/login/ldap"
1510461273426	Marionette	INFO	New connections will no longer be accepted
[Child 17000] WARNING: pipe error (19): Connection reset by peer: file /build/firefox-l1g98U/firefox-56.0+build6/ipc/chromium/src/chrome/common/ipc_channel_posix.cc, line 353
1510461285305	geckodriver	INFO	geckodriver 0.19.1
1510461285309	geckodriver	INFO	Listening on 127.0.0.1:52450
1510461286441	mozrunner::runner	INFO	Running command: "/usr/bin/firefox" "-marionette" "-profile" "/tmp/rust_mozprofile.VlFxoDxWQpZQ"
1510461286636	addons.xpi	WARN	Error parsing extensions state: [Exception... "Component returned failure code: 0x80520012 (NS_ERROR_FILE_NOT_FOUND) [amIAddonManagerStartup.readStartupData]"  nsresult: "0x80520012 (NS_ERROR_FILE_NOT_FOUND)"  location: "JS frame :: resource://gre/modules/addons/XPIProvider.jsm :: loadExtensionState :: line 1554"  data: no] Stack trace: loadExtensionState()@resource://gre/modules/addons/XPIProvider.jsm:1554 < getInstallState()@resource://gre/modules/addons/XPIProvider.jsm:1589 < checkForChanges()@resource://gre/modules/addons/XPIProvider.jsm:3109 < startup()@resource://gre/modules/addons/XPIProvider.jsm:2188 < callProvider()@resource://gre/modules/AddonManager.jsm:269 < _startProvider()@resource://gre/modules/AddonManager.jsm:739 < startup()@resource://gre/modules/AddonManager.jsm:906 < startup()@resource://gre/modules/AddonManager.jsm:3090 < observe()@jar:file:///usr/lib/firefox/omni.ja!/components/addonManager.js:65
1510461287004	Marionette	INFO	Enabled via --marionette
1510461288242	Marionette	INFO	Listening on port 33121
1510461288259	Marionette	WARN	TLS certificate errors will be ignored for this session
1510461288315	Marionette	DEBUG	Register listener.js for window 2147483649
1510461288364	Marionette	DEBUG	Received DOM event "beforeunload" for "about:blank"
1510461289242	Marionette	DEBUG	Received DOM event "pagehide" for "about:blank"
1510461289243	Marionette	DEBUG	Received DOM event "unload" for "about:blank"
1510461290498	Marionette	DEBUG	Received DOM event "DOMContentLoaded" for "https://seattleu.instructure.com/login/ldap"
1510461290918	Marionette	DEBUG	Received DOM event "pageshow" for "https://seattleu.instructure.com/login/ldap"
console.warn: nsLoginManager: searchLogins: `formSubmitURL` or `httpRealm` is recommended
console.warn: nsLoginManager: searchLogins: `formSubmitURL` or `httpRealm` is recommended
1510463873680	geckodriver	INFO	geckodriver 0.19.1
1510463873714	geckodriver	INFO	Listening on 127.0.0.1:60077
1510463874956	mozrunner::runner	INFO	Running command: "/usr/bin/firefox" "-marionette" "-profile" "/tmp/rust_mozprofile.NRXXFzUXexcS"
1510463876859	addons.xpi	WARN	Error parsing extensions state: [Exception... "Component returned failure code: 0x80520012 (NS_ERROR_FILE_NOT_FOUND) [amIAddonManagerStartup.readStartupData]"  nsresult: "0x80520012 (NS_ERROR_FILE_NOT_FOUND)"  location: "JS frame :: resource://gre/modules/addons/XPIProvider.jsm :: loadExtensionState :: line 1554"  data: no] Stack trace: loadExtensionState()@resource://gre/modules/addons/XPIProvider.jsm:1554 < getInstallState()@resource://gre/modules/addons/XPIProvider.jsm:1589 < checkForChanges()@resource://gre/modules/addons/XPIProvider.jsm:3109 < startup()@resource://gre/modules/addons/XPIProvider.jsm:2188 < callProvider()@resource://gre/modules/AddonManager.jsm:269 < _startProvider()@resource://gre/modules/AddonManager.jsm:739 < startup()@resource://gre/modules/AddonManager.jsm:906 < startup()@resource://gre/modules/AddonManager.jsm:3090 < observe()@jar:file:///usr/lib/firefox/omni.ja!/components/addonManager.js:65
1510463878462	Marionette	INFO	Enabled via --marionette
1510463887245	Marionette	INFO	Listening on port 36927
1510463887318	Marionette	WARN	TLS certificate errors will be ignored for this session
1510463887369	Marionette	DEBUG	Register listener.js for window 2147483649
1510463887434	Marionette	DEBUG	Received DOM event "beforeunload" for "about:blank"
1510463888319	Marionette	DEBUG	Received DOM event "pagehide" for "about:blank"
1510463888320	Marionette	DEBUG	Received DOM event "unload" for "about:blank"
1510463890119	Marionette	DEBUG	Received DOM event "DOMContentLoaded" for "https://seattleu.instructure.com/login/ldap"
1510463890547	Marionette	DEBUG	Received DOM event "pageshow" for "https://seattleu.instructure.com/login/ldap"
1510464474127	geckodriver	INFO	geckodriver 0.19.1
1510464474158	geckodriver	INFO	Listening on 127.0.0.1:33659
1510464475406	mozrunner::runner	INFO	Running command: "/usr/bin/firefox" "-marionette" "-profile" "/tmp/rust_mozprofile.0mAb3T16sHyv"
1510464475916	addons.xpi	WARN	Error parsing extensions state: [Exception... "Component returned failure code: 0x80520012 (NS_ERROR_FILE_NOT_FOUND) [amIAddonManagerStartup.readStartupData]"  nsresult: "0x80520012 (NS_ERROR_FILE_NOT_FOUND)"  location: "JS frame :: resource://gre/modules/addons/XPIProvider.jsm :: loadExtensionState :: line 1554"  data: no] Stack trace: loadExtensionState()@resource://gre/modules/addons/XPIProvider.jsm:1554 < getInstallState()@resource://gre/modules/addons/XPIProvider.jsm:1589 < checkForChanges()@resource://gre/modules/addons/XPIProvider.jsm:3109 < startup()@resource://gre/modules/addons/XPIProvider.jsm:2188 < callProvider()@resource://gre/modules/AddonManager.jsm:269 < _startProvider()@resource://gre/modules/AddonManager.jsm:739 < startup()@resource://gre/modules/AddonManager.jsm:906 < startup()@resource://gre/modules/AddonManager.jsm:3090 < observe()@jar:file:///usr/lib/firefox/omni.ja!/components/addonManager.js:65
1510464476379	Marionette	INFO	Enabled via --marionette
1510464484741	Marionette	INFO	Listening on port 46035
1510464484760	Marionette	WARN	TLS certificate errors will be ignored for this session
1510464484807	Marionette	DEBUG	Register listener.js for window 2147483649
1510464484845	Marionette	DEBUG	Received DOM event "beforeunload" for "about:blank"
1510464485919	Marionette	DEBUG	Received DOM event "pagehide" for "about:blank"
1510464485920	Marionette	DEBUG	Received DOM event "unload" for "about:blank"
1510464488200	Marionette	DEBUG	Received DOM event "DOMContentLoaded" for "https://seattleu.instructure.com/login/ldap"
1510464488694	Marionette	DEBUG	Received DOM event "pageshow" for "https://seattleu.instructure.com/login/ldap"
1510464617906	geckodriver	INFO	geckodriver 0.19.1
1510464617911	geckodriver	INFO	Listening on 127.0.0.1:51435
1510464619040	mozrunner::runner	INFO	Running command: "/usr/bin/firefox" "-marionette" "-profile" "/tmp/rust_mozprofile.AmOXz2hKx93u"
1510464619238	addons.xpi	WARN	Error parsing extensions state: [Exception... "Component returned failure code: 0x80520012 (NS_ERROR_FILE_NOT_FOUND) [amIAddonManagerStartup.readStartupData]"  nsresult: "0x80520012 (NS_ERROR_FILE_NOT_FOUND)"  location: "JS frame :: resource://gre/modules/addons/XPIProvider.jsm :: loadExtensionState :: line 1554"  data: no] Stack trace: loadExtensionState()@resource://gre/modules/addons/XPIProvider.jsm:1554 < getInstallState()@resource://gre/modules/addons/XPIProvider.jsm:1589 < checkForChanges()@resource://gre/modules/addons/XPIProvider.jsm:3109 < startup()@resource://gre/modules/addons/XPIProvider.jsm:2188 < callProvider()@resource://gre/modules/AddonManager.jsm:269 < _startProvider()@resource://gre/modules/AddonManager.jsm:739 < startup()@resource://gre/modules/AddonManager.jsm:906 < startup()@resource://gre/modules/AddonManager.jsm:3090 < observe()@jar:file:///usr/lib/firefox/omni.ja!/components/addonManager.js:65
1510464619612	Marionette	INFO	Enabled via --marionette
1510464620895	Marionette	INFO	Listening on port 46404
1510464620956	Marionette	WARN	TLS certificate errors will be ignored for this session
1510464621002	Marionette	DEBUG	Register listener.js for window 2147483649
1510464621031	Marionette	DEBUG	Received DOM event "beforeunload" for "about:blank"
1510464622001	Marionette	DEBUG	Received DOM event "pagehide" for "about:blank"
1510464622002	Marionette	DEBUG	Received DOM event "unload" for "about:blank"
1510464628263	Marionette	DEBUG	Received DOM event "DOMContentLoaded" for "https://seattleu.instructure.com/login/ldap"
1510464628642	Marionette	DEBUG	Received DOM event "pageshow" for "https://seattleu.instructure.com/login/ldap"
1510464644007	Marionette	DEBUG	Received DOM event "beforeunload" for "https://seattleu.instructure.com/login/ldap"
1510464644953	Marionette	DEBUG	Received DOM event "pagehide" for "https://seattleu.instructure.com/login/ldap"
1510464644955	Marionette	DEBUG	Received DOM event "unload" for "https://seattleu.instructure.com/login/ldap"
1510464645429	Marionette	DEBUG	Received DOM event "DOMContentLoaded" for "https://seattleu.instructure.com/login/ldap"
1510464645439	Marionette	DEBUG	Received observer notification "outer-window-destroyed" for "2147483653"
1510464645582	Marionette	DEBUG	Received DOM event "pageshow" for "https://seattleu.instructure.com/login/ldap"
1510478036378	geckodriver	INFO	geckodriver 0.19.1
1510478036382	geckodriver	INFO	Listening on 127.0.0.1:38029
1510478037515	mozrunner::runner	INFO	Running command: "/usr/bin/firefox" "-marionette" "-profile" "/tmp/rust_mozprofile.kavO4rOGbUE1"
1510478037853	addons.xpi	WARN	Error parsing extensions state: [Exception... "Component returned failure code: 0x80520012 (NS_ERROR_FILE_NOT_FOUND) [amIAddonManagerStartup.readStartupData]"  nsresult: "0x80520012 (NS_ERROR_FILE_NOT_FOUND)"  location: "JS frame :: resource://gre/modules/addons/XPIProvider.jsm :: loadExtensionState :: line 1554"  data: no] Stack trace: loadExtensionState()@resource://gre/modules/addons/XPIProvider.jsm:1554 < getInstallState()@resource://gre/modules/addons/XPIProvider.jsm:1589 < checkForChanges()@resource://gre/modules/addons/XPIProvider.jsm:3109 < startup()@resource://gre/modules/addons/XPIProvider.jsm:2188 < callProvider()@resource://gre/modules/AddonManager.jsm:269 < _startProvider()@resource://gre/modules/AddonManager.jsm:739 < startup()@resource://gre/modules/AddonManager.jsm:906 < startup()@resource://gre/modules/AddonManager.jsm:3090 < observe()@jar:file:///usr/lib/firefox/omni.ja!/components/addonManager.js:65
1510478038286	Marionette	INFO	Enabled via --marionette
1510478039745	Marionette	INFO	Listening on port 44769
1510478039836	Marionette	WARN	TLS certificate errors will be ignored for this session
1510478039890	Marionette	DEBUG	Register listener.js for window 2147483649
1510478039922	Marionette	DEBUG	Received DOM event "beforeunload" for "about:blank"
1510478040821	Marionette	DEBUG	Received DOM event "pagehide" for "about:blank"
1510478040823	Marionette	DEBUG	Received DOM event "unload" for "about:blank"
1510478042210	Marionette	DEBUG	Received DOM event "DOMContentLoaded" for "https://seattleu.instructure.com/login/ldap"
1510478042709	Marionette	DEBUG	Received DOM event "pageshow" for "https://seattleu.instructure.com/login/ldap"
1510478058004	Marionette	DEBUG	Received DOM event "beforeunload" for "https://seattleu.instructure.com/login/ldap"
1510478060892	Marionette	DEBUG	Received DOM event "pagehide" for "https://seattleu.instructure.com/login/ldap"
1510478060894	Marionette	DEBUG	Received DOM event "unload" for "https://seattleu.instructure.com/login/ldap"
1510478061736	Marionette	DEBUG	Received observer notification "outer-window-destroyed" for "2147483653"
1510478061783	Marionette	DEBUG	Received DOM event "DOMContentLoaded" for "https://seattleu.instructure.com/"
1510478062503	Marionette	DEBUG	Received DOM event "pageshow" for "https://seattleu.instructure.com/"
JavaScript error: https://du11hjcvx0uqb.cloudfront.net/dist/webpack-production/vendor.bundle-a99a899af2.js, line 1: TypeError: a(...) is null
JavaScript error: https://du11hjcvx0uqb.cloudfront.net/dist/webpack-production/common.bundle-0b4cce858b.js, line 1: TypeError: l.default.MepDefaults is undefined
JavaScript error: https://instructure-uploads.s3.amazonaws.com/account_10290000000085768/attachments/63561502/SU_Main_201709281435.js, line 101: TypeError: Argument 1 of MutationObserver.observe is not an object.
JavaScript error: https://du11hjcvx0uqb.cloudfront.net/dist/webpack-production/vendor.bundle-a99a899af2.js, line 1: TypeError: a(...) is null
JavaScript error: https://du11hjcvx0uqb.cloudfront.net/dist/webpack-production/common.bundle-0b4cce858b.js, line 1: TypeError: l.default.MepDefaults is undefined
JavaScript error: https://instructure-uploads.s3.amazonaws.com/account_10290000000085768/attachments/63561502/SU_Main_201709281435.js, line 101: TypeError: Argument 1 of MutationObserver.observe is not an object.
JavaScript error: https://du11hjcvx0uqb.cloudfront.net/dist/webpack-production/vendor.bundle-a99a899af2.js, line 1: TypeError: a(...) is null
JavaScript error: https://du11hjcvx0uqb.cloudfront.net/dist/webpack-production/common.bundle-0b4cce858b.js, line 1: TypeError: l.default.MepDefaults is undefined
JavaScript error: https://instructure-uploads.s3.amazonaws.com/account_10290000000085768/attachments/63561502/SU_Main_201709281435.js, line 101: TypeError: Argument 1 of MutationObserver.observe is not an object.
1510481150563	geckodriver	INFO	geckodriver 0.19.1
1510481150576	geckodriver	INFO	Listening on 127.0.0.1:39608
1510481151728	mozrunner::runner	INFO	Running command: "/usr/bin/firefox" "-marionette" "-profile" "/tmp/rust_mozprofile.TRESzYT0KqCr"
1510481152268	addons.xpi	WARN	Error parsing extensions state: [Exception... "Component returned failure code: 0x80520012 (NS_ERROR_FILE_NOT_FOUND) [amIAddonManagerStartup.readStartupData]"  nsresult: "0x80520012 (NS_ERROR_FILE_NOT_FOUND)"  location: "JS frame :: resource://gre/modules/addons/XPIProvider.jsm :: loadExtensionState :: line 1554"  data: no] Stack trace: loadExtensionState()@resource://gre/modules/addons/XPIProvider.jsm:1554 < getInstallState()@resource://gre/modules/addons/XPIProvider.jsm:1589 < checkForChanges()@resource://gre/modules/addons/XPIProvider.jsm:3109 < startup()@resource://gre/modules/addons/XPIProvider.jsm:2188 < callProvider()@resource://gre/modules/AddonManager.jsm:269 < _startProvider()@resource://gre/modules/AddonManager.jsm:739 < startup()@resource://gre/modules/AddonManager.jsm:906 < startup()@resource://gre/modules/AddonManager.jsm:3090 < observe()@jar:file:///usr/lib/firefox/omni.ja!/components/addonManager.js:65
1510481152735	Marionette	INFO	Enabled via --marionette
1510481154687	Marionette	INFO	Listening on port 40983
1510481154746	Marionette	WARN	TLS certificate errors will be ignored for this session
1510481154792	Marionette	DEBUG	Register listener.js for window 2147483649
1510481154816	Marionette	DEBUG	Received DOM event "beforeunload" for "about:blank"
1510481155591	Marionette	DEBUG	Received DOM event "pagehide" for "about:blank"
1510481155592	Marionette	DEBUG	Received DOM event "unload" for "about:blank"
1510481157057	Marionette	DEBUG	Received DOM event "DOMContentLoaded" for "https://seattleu.instructure.com/login/ldap"
1510481157523	Marionette	DEBUG	Received DOM event "pageshow" for "https://seattleu.instructure.com/login/ldap"
1510481172875	Marionette	DEBUG	Received DOM event "beforeunload" for "https://seattleu.instructure.com/login/ldap"
1510481174131	Marionette	DEBUG	Received DOM event "pagehide" for "https://seattleu.instructure.com/login/ldap"
1510481174134	Marionette	DEBUG	Received DOM event "unload" for "https://seattleu.instructure.com/login/ldap"
1510481175027	Marionette	DEBUG	Received DOM event "DOMContentLoaded" for "https://seattleu.instructure.com/"
1510481175032	Marionette	DEBUG	Received observer notification "outer-window-destroyed" for "2147483653"
1510481175159	Marionette	DEBUG	Received DOM event "pageshow" for "https://seattleu.instructure.com/"
JavaScript error: https://du11hjcvx0uqb.cloudfront.net/dist/webpack-production/vendor.bundle-a99a899af2.js, line 1: TypeError: a(...) is null
JavaScript error: https://du11hjcvx0uqb.cloudfront.net/dist/webpack-production/common.bundle-0b4cce858b.js, line 1: TypeError: l.default.MepDefaults is undefined
JavaScript error: https://instructure-uploads.s3.amazonaws.com/account_10290000000085768/attachments/63561502/SU_Main_201709281435.js, line 101: TypeError: Argument 1 of MutationObserver.observe is not an object.
1510481180180	Marionette	DEBUG	Received DOM event "beforeunload" for "https://seattleu.instructure.com/"
1510481180871	Marionette	DEBUG	Received DOM event "pagehide" for "https://seattleu.instructure.com/"
1510481180872	Marionette	DEBUG	Received DOM event "unload" for "https://seattleu.instructure.com/"
1510481181639	Marionette	DEBUG	Received observer notification "outer-window-destroyed" for "2147483656"
1510481181640	Marionette	DEBUG	Received observer notification "outer-window-destroyed" for "2147483658"
1510481181725	Marionette	DEBUG	Received DOM event "DOMContentLoaded" for "https://seattleu.instructure.com/courses/1573209/assignments/6628789#submit"
1510481181963	Marionette	DEBUG	Received DOM event "pageshow" for "https://seattleu.instructure.com/courses/1573209/assignments/6628789#submit"
1510481695683	geckodriver	INFO	geckodriver 0.19.1
1510481695688	geckodriver	INFO	Listening on 127.0.0.1:43302
1510481696858	mozrunner::runner	INFO	Running command: "/usr/bin/firefox" "-marionette" "-profile" "/tmp/rust_mozprofile.QQ2Hu4BpOYX9"
1510481697514	addons.xpi	WARN	Error parsing extensions state: [Exception... "Component returned failure code: 0x80520012 (NS_ERROR_FILE_NOT_FOUND) [amIAddonManagerStartup.readStartupData]"  nsresult: "0x80520012 (NS_ERROR_FILE_NOT_FOUND)"  location: "JS frame :: resource://gre/modules/addons/XPIProvider.jsm :: loadExtensionState :: line 1554"  data: no] Stack trace: loadExtensionState()@resource://gre/modules/addons/XPIProvider.jsm:1554 < getInstallState()@resource://gre/modules/addons/XPIProvider.jsm:1589 < checkForChanges()@resource://gre/modules/addons/XPIProvider.jsm:3109 < startup()@resource://gre/modules/addons/XPIProvider.jsm:2188 < callProvider()@resource://gre/modules/AddonManager.jsm:269 < _startProvider()@resource://gre/modules/AddonManager.jsm:739 < startup()@resource://gre/modules/AddonManager.jsm:906 < startup()@resource://gre/modules/AddonManager.jsm:3090 < observe()@jar:file:///usr/lib/firefox/omni.ja!/components/addonManager.js:65
1510481697969	Marionette	INFO	Enabled via --marionette
1510481699949	Marionette	INFO	Listening on port 36586
1510481699983	Marionette	WARN	TLS certificate errors will be ignored for this session
1510481700036	Marionette	DEBUG	Register listener.js for window 2147483649
1510481700066	Marionette	DEBUG	Received DOM event "beforeunload" for "about:blank"
1510481701468	Marionette	DEBUG	Received DOM event "pagehide" for "about:blank"
1510481701469	Marionette	DEBUG	Received DOM event "unload" for "about:blank"
1510481703114	Marionette	DEBUG	Received DOM event "DOMContentLoaded" for "https://seattleu.instructure.com/login/ldap"
1510481703579	Marionette	DEBUG	Received DOM event "pageshow" for "https://seattleu.instructure.com/login/ldap"
1510481718945	Marionette	DEBUG	Received DOM event "beforeunload" for "https://seattleu.instructure.com/login/ldap"
1510481721729	Marionette	DEBUG	Received DOM event "pagehide" for "https://seattleu.instructure.com/login/ldap"
1510481721732	Marionette	DEBUG	Received DOM event "unload" for "https://seattleu.instructure.com/login/ldap"
1510481722710	Marionette	DEBUG	Received observer notification "outer-window-destroyed" for "2147483653"
1510481723000	Marionette	DEBUG	Received DOM event "DOMContentLoaded" for "https://seattleu.instructure.com/"
1510481723115	Marionette	DEBUG	Received DOM event "pageshow" for "https://seattleu.instructure.com/"
JavaScript error: https://du11hjcvx0uqb.cloudfront.net/dist/webpack-production/vendor.bundle-a99a899af2.js, line 1: TypeError: a(...) is null
JavaScript error: https://du11hjcvx0uqb.cloudfront.net/dist/webpack-production/common.bundle-0b4cce858b.js, line 1: TypeError: l.default.MepDefaults is undefined
JavaScript error: https://instructure-uploads.s3.amazonaws.com/account_10290000000085768/attachments/63561502/SU_Main_201709281435.js, line 101: TypeError: Argument 1 of MutationObserver.observe is not an object.
1510481728144	Marionette	DEBUG	Received DOM event "beforeunload" for "https://seattleu.instructure.com/"
1510481728665	Marionette	DEBUG	Received DOM event "pagehide" for "https://seattleu.instructure.com/"
1510481728666	Marionette	DEBUG	Received DOM event "unload" for "https://seattleu.instructure.com/"
1510481729596	Marionette	DEBUG	Received DOM event "DOMContentLoaded" for "https://seattleu.instructure.com/courses/1573209/assignments/6628789#submit"
1510481729622	Marionette	DEBUG	Received observer notification "outer-window-destroyed" for "2147483656"
1510481729623	Marionette	DEBUG	Received observer notification "outer-window-destroyed" for "2147483658"
1510481729979	Marionette	DEBUG	Received DOM event "pageshow" for "https://seattleu.instructure.com/courses/1573209/assignments/6628789#submit"
*** UTM:SVC TimerManager:registerTimer called after profile-before-change notification. Ignoring timer registration for id: telemetry_modules_ping
1510481781105	geckodriver	INFO	geckodriver 0.19.1
1510481781128	geckodriver	INFO	Listening on 127.0.0.1:34460
1510481782280	mozrunner::runner	INFO	Running command: "/usr/bin/firefox" "-marionette" "-profile" "/tmp/rust_mozprofile.YTZSwxGyg3Jv"
1510481782586	addons.xpi	WARN	Error parsing extensions state: [Exception... "Component returned failure code: 0x80520012 (NS_ERROR_FILE_NOT_FOUND) [amIAddonManagerStartup.readStartupData]"  nsresult: "0x80520012 (NS_ERROR_FILE_NOT_FOUND)"  location: "JS frame :: resource://gre/modules/addons/XPIProvider.jsm :: loadExtensionState :: line 1554"  data: no] Stack trace: loadExtensionState()@resource://gre/modules/addons/XPIProvider.jsm:1554 < getInstallState()@resource://gre/modules/addons/XPIProvider.jsm:1589 < checkForChanges()@resource://gre/modules/addons/XPIProvider.jsm:3109 < startup()@resource://gre/modules/addons/XPIProvider.jsm:2188 < callProvider()@resource://gre/modules/AddonManager.jsm:269 < _startProvider()@resource://gre/modules/AddonManager.jsm:739 < startup()@resource://gre/modules/AddonManager.jsm:906 < startup()@resource://gre/modules/AddonManager.jsm:3090 < observe()@jar:file:///usr/lib/firefox/omni.ja!/components/addonManager.js:65
1510481783000	Marionette	INFO	Enabled via --marionette
1510481784273	Marionette	INFO	Listening on port 43244
1510481784305	Marionette	WARN	TLS certificate errors will be ignored for this session
1510481784365	Marionette	DEBUG	Register listener.js for window 2147483649
1510481784411	Marionette	DEBUG	Received DOM event "beforeunload" for "about:blank"
1510481785205	Marionette	DEBUG	Received DOM event "pagehide" for "about:blank"
1510481785207	Marionette	DEBUG	Received DOM event "unload" for "about:blank"
1510481786719	Marionette	DEBUG	Received DOM event "DOMContentLoaded" for "https://seattleu.instructure.com/login/ldap"
1510481787105	Marionette	DEBUG	Received DOM event "pageshow" for "https://seattleu.instructure.com/login/ldap"
1510481802482	Marionette	DEBUG	Received DOM event "beforeunload" for "https://seattleu.instructure.com/login/ldap"
1510481803895	Marionette	DEBUG	Received DOM event "pagehide" for "https://seattleu.instructure.com/login/ldap"
1510481803897	Marionette	DEBUG	Received DOM event "unload" for "https://seattleu.instructure.com/login/ldap"
1510481805026	Marionette	DEBUG	Received DOM event "DOMContentLoaded" for "https://seattleu.instructure.com/"
1510481805039	Marionette	DEBUG	Received observer notification "outer-window-destroyed" for "2147483653"
1510481805142	Marionette	DEBUG	Received DOM event "pageshow" for "https://seattleu.instructure.com/"
JavaScript error: https://du11hjcvx0uqb.cloudfront.net/dist/webpack-production/vendor.bundle-a99a899af2.js, line 1: TypeError: a(...) is null
JavaScript error: https://du11hjcvx0uqb.cloudfront.net/dist/webpack-production/common.bundle-0b4cce858b.js, line 1: TypeError: l.default.MepDefaults is undefined
JavaScript error: https://instructure-uploads.s3.amazonaws.com/account_10290000000085768/attachments/63561502/SU_Main_201709281435.js, line 101: TypeError: Argument 1 of MutationObserver.observe is not an object.
1510481810154	Marionette	DEBUG	Received DOM event "beforeunload" for "https://seattleu.instructure.com/"
1510481810782	Marionette	DEBUG	Received DOM event "pagehide" for "https://seattleu.instructure.com/"
1510481810783	Marionette	DEBUG	Received DOM event "unload" for "https://seattleu.instructure.com/"
1510481811632	Marionette	DEBUG	Received observer notification "outer-window-destroyed" for "2147483656"
1510481811632	Marionette	DEBUG	Received observer notification "outer-window-destroyed" for "2147483658"
1510481811855	Marionette	DEBUG	Received DOM event "DOMContentLoaded" for "https://seattleu.instructure.com/courses/1573209/assignments/6628789#submit"
1510481812352	Marionette	DEBUG	Received DOM event "pageshow" for "https://seattleu.instructure.com/courses/1573209/assignments/6628789#submit"
1510482015178	geckodriver	INFO	geckodriver 0.19.1
1510482015218	geckodriver	INFO	Listening on 127.0.0.1:53425
1510482016309	mozrunner::runner	INFO	Running command: "/usr/bin/firefox" "-marionette" "-profile" "/tmp/rust_mozprofile.Ca7KbYFadwPq"
1510482016547	addons.xpi	WARN	Error parsing extensions state: [Exception... "Component returned failure code: 0x80520012 (NS_ERROR_FILE_NOT_FOUND) [amIAddonManagerStartup.readStartupData]"  nsresult: "0x80520012 (NS_ERROR_FILE_NOT_FOUND)"  location: "JS frame :: resource://gre/modules/addons/XPIProvider.jsm :: loadExtensionState :: line 1554"  data: no] Stack trace: loadExtensionState()@resource://gre/modules/addons/XPIProvider.jsm:1554 < getInstallState()@resource://gre/modules/addons/XPIProvider.jsm:1589 < checkForChanges()@resource://gre/modules/addons/XPIProvider.jsm:3109 < startup()@resource://gre/modules/addons/XPIProvider.jsm:2188 < callProvider()@resource://gre/modules/AddonManager.jsm:269 < _startProvider()@resource://gre/modules/AddonManager.jsm:739 < startup()@resource://gre/modules/AddonManager.jsm:906 < startup()@resource://gre/modules/AddonManager.jsm:3090 < observe()@jar:file:///usr/lib/firefox/omni.ja!/components/addonManager.js:65
1510482016907	Marionette	INFO	Enabled via --marionette
1510482018195	Marionette	INFO	Listening on port 46132
1510482018250	Marionette	WARN	TLS certificate errors will be ignored for this session
1510482018311	Marionette	DEBUG	Register listener.js for window 2147483649
1510482018344	Marionette	DEBUG	Received DOM event "beforeunload" for "about:blank"
1510482019135	Marionette	DEBUG	Received DOM event "pagehide" for "about:blank"
1510482019136	Marionette	DEBUG	Received DOM event "unload" for "about:blank"
1510482020580	Marionette	DEBUG	Received DOM event "DOMContentLoaded" for "https://seattleu.instructure.com/login/ldap"
1510482020997	Marionette	DEBUG	Received DOM event "pageshow" for "https://seattleu.instructure.com/login/ldap"
1510482036383	Marionette	DEBUG	Received DOM event "beforeunload" for "https://seattleu.instructure.com/login/ldap"
1510482037677	Marionette	DEBUG	Received DOM event "pagehide" for "https://seattleu.instructure.com/login/ldap"
1510482037679	Marionette	DEBUG	Received DOM event "unload" for "https://seattleu.instructure.com/login/ldap"
1510482038544	Marionette	DEBUG	Received DOM event "DOMContentLoaded" for "https://seattleu.instructure.com/"
1510482038559	Marionette	DEBUG	Received observer notification "outer-window-destroyed" for "2147483653"
1510482038654	Marionette	DEBUG	Received DOM event "pageshow" for "https://seattleu.instructure.com/"
JavaScript error: https://du11hjcvx0uqb.cloudfront.net/dist/webpack-production/vendor.bundle-a99a899af2.js, line 1: TypeError: a(...) is null
JavaScript error: https://du11hjcvx0uqb.cloudfront.net/dist/webpack-production/common.bundle-0b4cce858b.js, line 1: TypeError: l.default.MepDefaults is undefined
JavaScript error: https://instructure-uploads.s3.amazonaws.com/account_10290000000085768/attachments/63561502/SU_Main_201709281435.js, line 101: TypeError: Argument 1 of MutationObserver.observe is not an object.
1510482043676	Marionette	DEBUG	Received DOM event "beforeunload" for "https://seattleu.instructure.com/"
1510482044417	Marionette	DEBUG	Received DOM event "pagehide" for "https://seattleu.instructure.com/"
1510482044418	Marionette	DEBUG	Received DOM event "unload" for "https://seattleu.instructure.com/"
1510482045075	Marionette	DEBUG	Received observer notification "outer-window-destroyed" for "2147483656"
1510482045075	Marionette	DEBUG	Received observer notification "outer-window-destroyed" for "2147483658"
1510482045284	Marionette	DEBUG	Received DOM event "DOMContentLoaded" for "https://seattleu.instructure.com/courses/1573209/assignments/6628789#submit"
1510482045517	Marionette	DEBUG	Received DOM event "pageshow" for "https://seattleu.instructure.com/courses/1573209/assignments/6628789#submit"
1510482098334	geckodriver	INFO	geckodriver 0.19.1
1510482098338	geckodriver	INFO	Listening on 127.0.0.1:41108
1510482099488	mozrunner::runner	INFO	Running command: "/usr/bin/firefox" "-marionette" "-profile" "/tmp/rust_mozprofile.1NAml9gLBJHh"
1510482099735	addons.xpi	WARN	Error parsing extensions state: [Exception... "Component returned failure code: 0x80520012 (NS_ERROR_FILE_NOT_FOUND) [amIAddonManagerStartup.readStartupData]"  nsresult: "0x80520012 (NS_ERROR_FILE_NOT_FOUND)"  location: "JS frame :: resource://gre/modules/addons/XPIProvider.jsm :: loadExtensionState :: line 1554"  data: no] Stack trace: loadExtensionState()@resource://gre/modules/addons/XPIProvider.jsm:1554 < getInstallState()@resource://gre/modules/addons/XPIProvider.jsm:1589 < checkForChanges()@resource://gre/modules/addons/XPIProvider.jsm:3109 < startup()@resource://gre/modules/addons/XPIProvider.jsm:2188 < callProvider()@resource://gre/modules/AddonManager.jsm:269 < _startProvider()@resource://gre/modules/AddonManager.jsm:739 < startup()@resource://gre/modules/AddonManager.jsm:906 < startup()@resource://gre/modules/AddonManager.jsm:3090 < observe()@jar:file:///usr/lib/firefox/omni.ja!/components/addonManager.js:65
1510482100099	Marionette	INFO	Enabled via --marionette
1510482101387	Marionette	INFO	Listening on port 38934
1510482101422	Marionette	WARN	TLS certificate errors will be ignored for this session
1510482101496	Marionette	DEBUG	Register listener.js for window 2147483649
1510482101560	Marionette	DEBUG	Received DOM event "beforeunload" for "about:blank"
1510482102287	Marionette	DEBUG	Received DOM event "pagehide" for "about:blank"
1510482102288	Marionette	DEBUG	Received DOM event "unload" for "about:blank"
1510482103632	Marionette	DEBUG	Received DOM event "DOMContentLoaded" for "https://seattleu.instructure.com/login/ldap"
1510482104156	Marionette	DEBUG	Received DOM event "pageshow" for "https://seattleu.instructure.com/login/ldap"
1510482119526	Marionette	DEBUG	Received DOM event "beforeunload" for "https://seattleu.instructure.com/login/ldap"
1510482120905	Marionette	DEBUG	Received DOM event "pagehide" for "https://seattleu.instructure.com/login/ldap"
1510482120907	Marionette	DEBUG	Received DOM event "unload" for "https://seattleu.instructure.com/login/ldap"
1510482121779	Marionette	DEBUG	Received DOM event "DOMContentLoaded" for "https://seattleu.instructure.com/"
1510482121782	Marionette	DEBUG	Received observer notification "outer-window-destroyed" for "2147483653"
1510482122033	Marionette	DEBUG	Received DOM event "pageshow" for "https://seattleu.instructure.com/"
JavaScript error: https://du11hjcvx0uqb.cloudfront.net/dist/webpack-production/vendor.bundle-a99a899af2.js, line 1: TypeError: a(...) is null
JavaScript error: https://du11hjcvx0uqb.cloudfront.net/dist/webpack-production/common.bundle-0b4cce858b.js, line 1: TypeError: l.default.MepDefaults is undefined
JavaScript error: https://instructure-uploads.s3.amazonaws.com/account_10290000000085768/attachments/63561502/SU_Main_201709281435.js, line 101: TypeError: Argument 1 of MutationObserver.observe is not an object.
1510482127055	Marionette	DEBUG	Received DOM event "beforeunload" for "https://seattleu.instructure.com/"
1510482127578	Marionette	DEBUG	Received DOM event "pagehide" for "https://seattleu.instructure.com/"
1510482127579	Marionette	DEBUG	Received DOM event "unload" for "https://seattleu.instructure.com/"
1510482128240	Marionette	DEBUG	Received observer notification "outer-window-destroyed" for "2147483656"
1510482128241	Marionette	DEBUG	Received observer notification "outer-window-destroyed" for "2147483658"
1510482128417	Marionette	DEBUG	Received DOM event "DOMContentLoaded" for "https://seattleu.instructure.com/courses/1573209/assignments/6628789#submit"
1510482128653	Marionette	DEBUG	Received DOM event "pageshow" for "https://seattleu.instructure.com/courses/1573209/assignments/6628789#submit"
*** UTM:SVC TimerManager:registerTimer called after profile-before-change notification. Ignoring timer registration for id: telemetry_modules_ping
1510482815709	geckodriver	INFO	geckodriver 0.19.1
1510482815717	geckodriver	INFO	Listening on 127.0.0.1:57548
1510482816882	mozrunner::runner	INFO	Running command: "/usr/bin/firefox" "-marionette" "-profile" "/tmp/rust_mozprofile.Snv0I80GZLu9"
1510482817083	addons.xpi	WARN	Error parsing extensions state: [Exception... "Component returned failure code: 0x80520012 (NS_ERROR_FILE_NOT_FOUND) [amIAddonManagerStartup.readStartupData]"  nsresult: "0x80520012 (NS_ERROR_FILE_NOT_FOUND)"  location: "JS frame :: resource://gre/modules/addons/XPIProvider.jsm :: loadExtensionState :: line 1554"  data: no] Stack trace: loadExtensionState()@resource://gre/modules/addons/XPIProvider.jsm:1554 < getInstallState()@resource://gre/modules/addons/XPIProvider.jsm:1589 < checkForChanges()@resource://gre/modules/addons/XPIProvider.jsm:3109 < startup()@resource://gre/modules/addons/XPIProvider.jsm:2188 < callProvider()@resource://gre/modules/AddonManager.jsm:269 < _startProvider()@resource://gre/modules/AddonManager.jsm:739 < startup()@resource://gre/modules/AddonManager.jsm:906 < startup()@resource://gre/modules/AddonManager.jsm:3090 < observe()@jar:file:///usr/lib/firefox/omni.ja!/components/addonManager.js:65
1510482817452	Marionette	INFO	Enabled via --marionette
1510482818919	Marionette	INFO	Listening on port 40148
1510482818998	Marionette	WARN	TLS certificate errors will be ignored for this session
1510482819048	Marionette	DEBUG	Register listener.js for window 2147483649
1510482819068	Marionette	DEBUG	Received DOM event "beforeunload" for "about:blank"
1510482820072	Marionette	DEBUG	Received DOM event "pagehide" for "about:blank"
1510482820072	Marionette	DEBUG	Received DOM event "unload" for "about:blank"
1510482821784	Marionette	DEBUG	Received DOM event "DOMContentLoaded" for "https://seattleu.instructure.com/login/ldap"
1510482822188	Marionette	DEBUG	Received DOM event "pageshow" for "https://seattleu.instructure.com/login/ldap"
1510482837594	Marionette	DEBUG	Received DOM event "beforeunload" for "https://seattleu.instructure.com/login/ldap"
1510482838763	Marionette	DEBUG	Received DOM event "pagehide" for "https://seattleu.instructure.com/login/ldap"
1510482838765	Marionette	DEBUG	Received DOM event "unload" for "https://seattleu.instructure.com/login/ldap"
1510482839659	Marionette	DEBUG	Received DOM event "DOMContentLoaded" for "https://seattleu.instructure.com/"
1510482839675	Marionette	DEBUG	Received observer notification "outer-window-destroyed" for "2147483653"
JavaScript error: https://du11hjcvx0uqb.cloudfront.net/dist/webpack-production/vendor.bundle-a99a899af2.js, line 1: TypeError: a(...) is null
JavaScript error: https://du11hjcvx0uqb.cloudfront.net/dist/webpack-production/common.bundle-0b4cce858b.js, line 1: TypeError: l.default.MepDefaults is undefined
JavaScript error: https://instructure-uploads.s3.amazonaws.com/account_10290000000085768/attachments/63561502/SU_Main_201709281435.js, line 101: TypeError: Argument 1 of MutationObserver.observe is not an object.
1510482840598	Marionette	DEBUG	Received DOM event "pageshow" for "https://seattleu.instructure.com/"
1510482845618	Marionette	DEBUG	Received DOM event "beforeunload" for "https://seattleu.instructure.com/"
1510482846113	Marionette	DEBUG	Received DOM event "pagehide" for "https://seattleu.instructure.com/"
1510482846115	Marionette	DEBUG	Received DOM event "unload" for "https://seattleu.instructure.com/"
1510482846782	Marionette	DEBUG	Received observer notification "outer-window-destroyed" for "2147483656"
1510482846782	Marionette	DEBUG	Received observer notification "outer-window-destroyed" for "2147483658"
1510482847001	Marionette	DEBUG	Received DOM event "DOMContentLoaded" for "https://seattleu.instructure.com/courses/1573209/assignments/6628789#submit"
1510482847333	Marionette	DEBUG	Received DOM event "pageshow" for "https://seattleu.instructure.com/courses/1573209/assignments/6628789#submit"
1510484515064	geckodriver	INFO	geckodriver 0.19.1
1510484515070	geckodriver	INFO	Listening on 127.0.0.1:38923
1510484516245	mozrunner::runner	INFO	Running command: "/usr/bin/firefox" "-marionette" "-profile" "/tmp/rust_mozprofile.E5RGscb6HA9o"
1510484516481	addons.xpi	WARN	Error parsing extensions state: [Exception... "Component returned failure code: 0x80520012 (NS_ERROR_FILE_NOT_FOUND) [amIAddonManagerStartup.readStartupData]"  nsresult: "0x80520012 (NS_ERROR_FILE_NOT_FOUND)"  location: "JS frame :: resource://gre/modules/addons/XPIProvider.jsm :: loadExtensionState :: line 1554"  data: no] Stack trace: loadExtensionState()@resource://gre/modules/addons/XPIProvider.jsm:1554 < getInstallState()@resource://gre/modules/addons/XPIProvider.jsm:1589 < checkForChanges()@resource://gre/modules/addons/XPIProvider.jsm:3109 < startup()@resource://gre/modules/addons/XPIProvider.jsm:2188 < callProvider()@resource://gre/modules/AddonManager.jsm:269 < _startProvider()@resource://gre/modules/AddonManager.jsm:739 < startup()@resource://gre/modules/AddonManager.jsm:906 < startup()@resource://gre/modules/AddonManager.jsm:3090 < observe()@jar:file:///usr/lib/firefox/omni.ja!/components/addonManager.js:65
1510484516920	Marionette	INFO	Enabled via --marionette
1510484518594	Marionette	INFO	Listening on port 38549
1510484518663	Marionette	WARN	TLS certificate errors will be ignored for this session
1510484518727	Marionette	DEBUG	Register listener.js for window 2147483649
1510484518767	Marionette	DEBUG	Received DOM event "beforeunload" for "about:blank"
1510484519772	Marionette	DEBUG	Received DOM event "pagehide" for "about:blank"
1510484519773	Marionette	DEBUG	Received DOM event "unload" for "about:blank"
1510484521372	Marionette	DEBUG	Received DOM event "DOMContentLoaded" for "https://seattleu.instructure.com/login/ldap"
1510484521843	Marionette	DEBUG	Received DOM event "pageshow" for "https://seattleu.instructure.com/login/ldap"
1510484537292	Marionette	DEBUG	Received DOM event "beforeunload" for "https://seattleu.instructure.com/login/ldap"
1510484538652	Marionette	DEBUG	Received DOM event "pagehide" for "https://seattleu.instructure.com/login/ldap"
1510484538656	Marionette	DEBUG	Received DOM event "unload" for "https://seattleu.instructure.com/login/ldap"
1510484539756	Marionette	DEBUG	Received DOM event "DOMContentLoaded" for "https://seattleu.instructure.com/"
1510484539781	Marionette	DEBUG	Received observer notification "outer-window-destroyed" for "2147483653"
1510484540458	Marionette	DEBUG	Received DOM event "pageshow" for "https://seattleu.instructure.com/"
JavaScript error: https://du11hjcvx0uqb.cloudfront.net/dist/webpack-production/vendor.bundle-a99a899af2.js, line 1: TypeError: a(...) is null
JavaScript error: https://du11hjcvx0uqb.cloudfront.net/dist/webpack-production/common.bundle-0b4cce858b.js, line 1: TypeError: l.default.MepDefaults is undefined
JavaScript error: https://instructure-uploads.s3.amazonaws.com/account_10290000000085768/attachments/63561502/SU_Main_201709281435.js, line 101: TypeError: Argument 1 of MutationObserver.observe is not an object.
1510484545497	Marionette	DEBUG	Received DOM event "beforeunload" for "https://seattleu.instructure.com/"
1510484546205	Marionette	DEBUG	Received DOM event "pagehide" for "https://seattleu.instructure.com/"
1510484546205	Marionette	DEBUG	Received DOM event "unload" for "https://seattleu.instructure.com/"
1510484546790	Marionette	DEBUG	Received observer notification "outer-window-destroyed" for "2147483656"
1510484546791	Marionette	DEBUG	Received observer notification "outer-window-destroyed" for "2147483658"
1510484547185	Marionette	DEBUG	Received DOM event "DOMContentLoaded" for "https://seattleu.instructure.com/courses/1573209/assignments/6628789#submit"
1510484547591	Marionette	DEBUG	Received DOM event "pageshow" for "https://seattleu.instructure.com/courses/1573209/assignments/6628789#submit"
1510484552708	Marionette	INFO	New connections will no longer be accepted
[Child 28000] WARNING: pipe error (19): Connection reset by peer: file /build/firefox-l1g98U/firefox-56.0+build6/ipc/chromium/src/chrome/common/ipc_channel_posix.cc, line 353
[Child 28000] WARNING: pipe error (3): Connection reset by peer: file /build/firefox-l1g98U/firefox-56.0+build6/ipc/chromium/src/chrome/common/ipc_channel_posix.cc, line 353
1510484674429	geckodriver	INFO	geckodriver 0.19.1
1510484674433	geckodriver	INFO	Listening on 127.0.0.1:50603
1510484675616	mozrunner::runner	INFO	Running command: "/usr/bin/firefox" "-marionette" "-profile" "/tmp/rust_mozprofile.Pqkw1J1L98s6"
1510484676004	addons.xpi	WARN	Error parsing extensions state: [Exception... "Component returned failure code: 0x80520012 (NS_ERROR_FILE_NOT_FOUND) [amIAddonManagerStartup.readStartupData]"  nsresult: "0x80520012 (NS_ERROR_FILE_NOT_FOUND)"  location: "JS frame :: resource://gre/modules/addons/XPIProvider.jsm :: loadExtensionState :: line 1554"  data: no] Stack trace: loadExtensionState()@resource://gre/modules/addons/XPIProvider.jsm:1554 < getInstallState()@resource://gre/modules/addons/XPIProvider.jsm:1589 < checkForChanges()@resource://gre/modules/addons/XPIProvider.jsm:3109 < startup()@resource://gre/modules/addons/XPIProvider.jsm:2188 < callProvider()@resource://gre/modules/AddonManager.jsm:269 < _startProvider()@resource://gre/modules/AddonManager.jsm:739 < startup()@resource://gre/modules/AddonManager.jsm:906 < startup()@resource://gre/modules/AddonManager.jsm:3090 < observe()@jar:file:///usr/lib/firefox/omni.ja!/components/addonManager.js:65
1510484676444	Marionette	INFO	Enabled via --marionette
1510484677927	Marionette	INFO	Listening on port 41802
1510484678040	Marionette	WARN	TLS certificate errors will be ignored for this session
1510484678090	Marionette	DEBUG	Register listener.js for window 2147483649
1510484678121	Marionette	DEBUG	Received DOM event "beforeunload" for "about:blank"
1510484678930	Marionette	DEBUG	Received DOM event "pagehide" for "about:blank"
1510484678932	Marionette	DEBUG	Received DOM event "unload" for "about:blank"
1510484680870	Marionette	DEBUG	Received DOM event "DOMContentLoaded" for "https://seattleu.instructure.com/login/ldap"
1510484681373	Marionette	DEBUG	Received DOM event "pageshow" for "https://seattleu.instructure.com/login/ldap"
1510484696765	Marionette	DEBUG	Received DOM event "beforeunload" for "https://seattleu.instructure.com/login/ldap"
1510484697979	Marionette	DEBUG	Received DOM event "pagehide" for "https://seattleu.instructure.com/login/ldap"
1510484697981	Marionette	DEBUG	Received DOM event "unload" for "https://seattleu.instructure.com/login/ldap"
1510484698949	Marionette	DEBUG	Received DOM event "DOMContentLoaded" for "https://seattleu.instructure.com/"
1510484698974	Marionette	DEBUG	Received observer notification "outer-window-destroyed" for "2147483653"
1510484699284	Marionette	DEBUG	Received DOM event "pageshow" for "https://seattleu.instructure.com/"
JavaScript error: https://du11hjcvx0uqb.cloudfront.net/dist/webpack-production/vendor.bundle-a99a899af2.js, line 1: TypeError: a(...) is null
JavaScript error: https://du11hjcvx0uqb.cloudfront.net/dist/webpack-production/common.bundle-0b4cce858b.js, line 1: TypeError: l.default.MepDefaults is undefined
JavaScript error: https://instructure-uploads.s3.amazonaws.com/account_10290000000085768/attachments/63561502/SU_Main_201709281435.js, line 101: TypeError: Argument 1 of MutationObserver.observe is not an object.
1510484704311	Marionette	DEBUG	Received DOM event "beforeunload" for "https://seattleu.instructure.com/"
1510484704827	Marionette	DEBUG	Received DOM event "pagehide" for "https://seattleu.instructure.com/"
1510484704827	Marionette	DEBUG	Received DOM event "unload" for "https://seattleu.instructure.com/"
1510484705620	Marionette	DEBUG	Received observer notification "outer-window-destroyed" for "2147483656"
1510484705621	Marionette	DEBUG	Received observer notification "outer-window-destroyed" for "2147483658"
1510484705826	Marionette	DEBUG	Received DOM event "DOMContentLoaded" for "https://seattleu.instructure.com/courses/1573209/assignments/6628789#submit"
1510484706088	Marionette	DEBUG	Received DOM event "pageshow" for "https://seattleu.instructure.com/courses/1573209/assignments/6628789#submit"
1510484711271	Marionette	INFO	New connections will no longer be accepted
[Child 28222] WARNING: pipe error (18): Connection reset by peer: file /build/firefox-l1g98U/firefox-56.0+build6/ipc/chromium/src/chrome/common/ipc_channel_posix.cc, line 353
[Child 28222] WARNING: pipe error (3): Connection reset by peer: file /build/firefox-l1g98U/firefox-56.0+build6/ipc/chromium/src/chrome/common/ipc_channel_posix.cc, line 353
1510485101758	geckodriver	INFO	geckodriver 0.19.1
1510485101763	geckodriver	INFO	Listening on 127.0.0.1:53112
1510485102928	mozrunner::runner	INFO	Running command: "/usr/bin/firefox" "-marionette" "-profile" "/tmp/rust_mozprofile.QC2VsSwqfRjU"
1510485103212	addons.xpi	WARN	Error parsing extensions state: [Exception... "Component returned failure code: 0x80520012 (NS_ERROR_FILE_NOT_FOUND) [amIAddonManagerStartup.readStartupData]"  nsresult: "0x80520012 (NS_ERROR_FILE_NOT_FOUND)"  location: "JS frame :: resource://gre/modules/addons/XPIProvider.jsm :: loadExtensionState :: line 1554"  data: no] Stack trace: loadExtensionState()@resource://gre/modules/addons/XPIProvider.jsm:1554 < getInstallState()@resource://gre/modules/addons/XPIProvider.jsm:1589 < checkForChanges()@resource://gre/modules/addons/XPIProvider.jsm:3109 < startup()@resource://gre/modules/addons/XPIProvider.jsm:2188 < callProvider()@resource://gre/modules/AddonManager.jsm:269 < _startProvider()@resource://gre/modules/AddonManager.jsm:739 < startup()@resource://gre/modules/AddonManager.jsm:906 < startup()@resource://gre/modules/AddonManager.jsm:3090 < observe()@jar:file:///usr/lib/firefox/omni.ja!/components/addonManager.js:65
1510485103624	Marionette	INFO	Enabled via --marionette
1510485105104	Marionette	INFO	Listening on port 35073
1510485105170	Marionette	WARN	TLS certificate errors will be ignored for this session
1510485105225	Marionette	DEBUG	Register listener.js for window 2147483649
1510485105249	Marionette	DEBUG	Received DOM event "beforeunload" for "about:blank"
1510485106053	Marionette	DEBUG	Received DOM event "pagehide" for "about:blank"
1510485106054	Marionette	DEBUG	Received DOM event "unload" for "about:blank"
1510485107500	Marionette	DEBUG	Received DOM event "DOMContentLoaded" for "https://seattleu.instructure.com/login/ldap"
1510485107998	Marionette	DEBUG	Received DOM event "pageshow" for "https://seattleu.instructure.com/login/ldap"
1510485123476	Marionette	DEBUG	Received DOM event "beforeunload" for "https://seattleu.instructure.com/login/ldap"
1510485124685	Marionette	DEBUG	Received DOM event "pagehide" for "https://seattleu.instructure.com/login/ldap"
1510485124686	Marionette	DEBUG	Received DOM event "unload" for "https://seattleu.instructure.com/login/ldap"
1510485125640	Marionette	DEBUG	Received DOM event "DOMContentLoaded" for "https://seattleu.instructure.com/"
1510485125657	Marionette	DEBUG	Received observer notification "outer-window-destroyed" for "2147483653"
1510485125938	Marionette	DEBUG	Received DOM event "pageshow" for "https://seattleu.instructure.com/"
JavaScript error: https://du11hjcvx0uqb.cloudfront.net/dist/webpack-production/vendor.bundle-a99a899af2.js, line 1: TypeError: a(...) is null
JavaScript error: https://du11hjcvx0uqb.cloudfront.net/dist/webpack-production/common.bundle-0b4cce858b.js, line 1: TypeError: l.default.MepDefaults is undefined
JavaScript error: https://instructure-uploads.s3.amazonaws.com/account_10290000000085768/attachments/63561502/SU_Main_201709281435.js, line 101: TypeError: Argument 1 of MutationObserver.observe is not an object.
1510485130960	Marionette	DEBUG	Received DOM event "beforeunload" for "https://seattleu.instructure.com/"
1510485131546	Marionette	DEBUG	Received DOM event "pagehide" for "https://seattleu.instructure.com/"
1510485131547	Marionette	DEBUG	Received DOM event "unload" for "https://seattleu.instructure.com/"
1510485132522	Marionette	DEBUG	Received DOM event "DOMContentLoaded" for "https://seattleu.instructure.com/courses/1573209/assignments/6628789#submit"
1510485132540	Marionette	DEBUG	Received observer notification "outer-window-destroyed" for "2147483656"
1510485132540	Marionette	DEBUG	Received observer notification "outer-window-destroyed" for "2147483658"
1510485132806	Marionette	DEBUG	Received DOM event "pageshow" for "https://seattleu.instructure.com/courses/1573209/assignments/6628789#submit"
1510485137907	Marionette	INFO	New connections will no longer be accepted
[Child 28584] WARNING: pipe error (20): Connection reset by peer: file /build/firefox-l1g98U/firefox-56.0+build6/ipc/chromium/src/chrome/common/ipc_channel_posix.cc, line 353
[Child 28584] WARNING: pipe error (3): Connection reset by peer: file /build/firefox-l1g98U/firefox-56.0+build6/ipc/chromium/src/chrome/common/ipc_channel_posix.cc, line 353
